#
# A fatal error has been detected by the Java Runtime Environment:
#
#  EXCEPTION_IN_PAGE_ERROR (0xc0000006) at pc=0x00007ffa3cfb1989, pid=10444, tid=20152
#
# JRE version:  (18.0.2+9) (build )
# Java VM: Java HotSpot(TM) 64-Bit Server VM (18.0.2+9-61, mixed mode, sharing, tiered, compressed oops, compressed class ptrs, g1 gc, windows-amd64)
# Problematic frame:
# C  [VCRUNTIME140.dll+0x1989]
#
# No core dump will be written. Minidumps are not enabled by default on client versions of Windows
#
#

---------------  S U M M A R Y ------------

Command Line: -Dclassworlds.conf=C:\Program Files\NetBeans-14\netbeans\java\maven\bin\m2.conf -Dmaven.home=C:\Program Files\NetBeans-14\netbeans\java\maven -Dlibrary.jansi.path=C:\Program Files\NetBeans-14\netbeans\java\maven\lib\jansi-native -Dmaven.multiModuleProjectDirectory=D:\Formation JAVA M2I\java-rest\java-api-rest org.codehaus.plexus.classworlds.launcher.Launcher -Dmaven.ext.class.path=C:\Program Files\NetBeans-14\netbeans\java\maven-nblib\netbeans-eventspy.jar clean install

Host: Intel(R) Core(TM) i7-8750H CPU @ 2.20GHz, 12 cores, 7G,  Windows 10 , 64 bit Build 19041 (10.0.19041.1889)
Time: Mon Aug 22 15:03:24 2022 Paris, Madrid (heure duild 19041 (10.0.19041.1889) elapsed time: 0.056564 seconds (0d 0h 0m 0s)

---------------  T H R E A D  ---------------

Current thread is native thread

Stack: [0x0000009f65c00000,0x0000009f65d00000],  sp=0x0000009f65cff4d0,  free space=1021k
Native frames: (J=compiled Java code, j=interpreted, Vv=VM code, C=native code)
C  [VCRUNTIME140.dll+0x1989]
V  [jvm.dll+0x6ba9e3]
V  [jvm.dll+0x6b9710]
V  [jvm.dll+0x6b92be]
V  [jvm.dll+0x38bfb2]
V  [jvm.dll+0x7a1e83]
V  [jvm.dll+0x40dc3f]
V  [jvm.dll+0x40f611]
C  [jli.dll+0x526b]
C  [ucrtbase.dll+0x21bb2]
C  [KERNEL32.DLL+0x17034]
C  [ntdll.dll+0x52651]


siginfo: EXCEPTION_IN_PAGE_ERROR (0xc0000006), writing address 0x000001bccd290000


Registers:
RAX=0x0000000000000000, RBX=0x000001bccd290000, RCX=0x0000000000010000, RDX=0x0000000000000000
RSP=0x0000009f65cff4d0, RBP=0x000001bccf3240f0, RSI=0x000001bccd088e00, RDI=0x000001bccd290000
R8 =0x0000000000010000, R9 =0x0000000000000000, R10=0x0000000000000000, R11=0x000001bccd290000
R12=0x0000000000000001, R13=0x00007ff9ce0b8370, R14=0x000001bccd069590, R15=0x0000000000010000
RIP=0x00007ffa3cfb1989, EFLAGS=0x0000000000010202

Top of Stack: (sp=0x0000009f65cff4d0)
0x0000009f65cff4d0:   0000000000000000 00007ff9cddea9e3
0x0000009f65cff4e0:   000001bccf3240f0 000001bccd088e00
0x0000009f65cff4f0:   000001bccd088e00 0000000000000160
0x0000009f65cff500:   0000000000010000 0000009f65cff520
0x0000009f65cff510:   0000009f65cff790 000001bc00000104
0x0000009f65cff520:   0000010100000103 000001bccf3240f4
0x0000009f65cff530:   0000000000000000 0000000000000020
0x0000009f65cff540:   0000000000000014 0000000000000004
0x0000009f65cff550:   000001bccd050000 0000009f65cff619
0x0000009f65cff560:   0000000000000002 00007ffa4589b3c7
0x0000009f65cff570:   000001bc005c3a43 000001bc00000000
0x0000009f65cff580:   0000000000000014 00007ffa00000000
0x0000009f65cff590:   00000002cf3238e0 00007ffa4587a46c
0x0000009f65cff5a0:   000000020000db3f 00007ffa459da540
0x0000009f65cff5b0:   d494554800000000 0000000000000000
0x0000009f65cff5c0:   00000000000f0001 0000000000000000 

Instructions: (pc=0x00007ffa3cfb1989)
0x00007ffa3cfb1889:   49 03 c8 0f 10 44 11 f0 48 83 e9 10 49 83 e8 10
0x00007ffa3cfb1899:   f6 c1 0f 74 17 48 8b c1 48 83 e1 f0 0f 10 c8 0f
0x00007ffa3cfb18a9:   10 04 11 0f 11 08 4c 8b c1 4d 2b c3 4d 8b c8 49
0x00007ffa3cfb18b9:   c1 e9 07 74 6f 0f 29 01 eb 14 66 66 66 66 66 0f
0x00007ffa3cfb18c9:   1f 84 00 00 00 00 00 0f 29 41 10 0f 29 09 0f 10
0x00007ffa3cfb18d9:   44 11 f0 0f 10 4c 11 e0 48 81 e9 80 00 00 00 0f
0x00007ffa3cfb18e9:   29 41 70 0f 29 49 60 0f 10 44 11 50 0f 10 4c 11
0x00007ffa3cfb18f9:   40 49 ff c9 0f 29 41 50 0f 29 49 40 0f 10 44 11
0x00007ffa3cfb1909:   30 0f 10 4c 11 20 0f 29 41 30 0f 29 49 20 0f 10
0x00007ffa3cfb1919:   44 11 10 0f 10 0c 11 75 ae 0f 29 41 10 49 83 e0
0x00007ffa3cfb1929:   7f 0f 28 c1 4d 8b c8 49 c1 e9 04 74 1a 66 66 0f
0x00007ffa3cfb1939:   1f 84 00 00 00 00 00 0f 11 01 48 83 e9 10 0f 10
0x00007ffa3cfb1949:   04 11 49 ff c9 75 f0 49 83 e0 0f 74 08 41 0f 10
0x00007ffa3cfb1959:   0a 41 0f 11 0b 0f 11 01 49 8b c3 c3 cc cc cc cc
0x00007ffa3cfb1969:   cc cc cc cc cc cc cc cc cc cc cc cc cc 66 66 0f
0x00007ffa3cfb1979:   1f 84 00 00 00 00 00 57 8b c2 48 8b f9 49 8b c8
0x00007ffa3cfb1989:   f3 aa 49 8b c3 5f c3 cc cc cc cc cc cc 66 66 0f
0x00007ffa3cfb1999:   1f 84 00 00 00 00 00 4c 8b d9 0f b6 d2 49 b9 01
0x00007ffa3cfb19a9:   01 01 01 01 01 01 01 4c 0f af ca 49 83 f8 10 0f
0x00007ffa3cfb19b9:   86 f2 00 00 00 66 49 0f 6e c1 66 0f 60 c0 49 81
0x00007ffa3cfb19c9:   f8 80 00 00 00 77 10 e9 6b 00 00 00 66 66 66 0f
0x00007ffa3cfb19d9:   1f 84 00 00 00 00 00 f6 05 d5 39 01 00 02 75 97
0x00007ffa3cfb19e9:   0f 11 01 4c 03 c1 48 83 c1 10 48 83 e1 f0 4c 2b
0x00007ffa3cfb19f9:   c1 4d 8b c8 49 c1 e9 07 74 3d 4c 3b 0d 1e 36 01
0x00007ffa3cfb1a09:   00 0f 87 60 00 00 00 0f 29 01 0f 29 41 10 48 81
0x00007ffa3cfb1a19:   c1 80 00 00 00 0f 29 41 a0 0f 29 41 b0 49 ff c9
0x00007ffa3cfb1a29:   0f 29 41 c0 0f 29 41 d0 0f 29 41 e0 66 0f 29 41
0x00007ffa3cfb1a39:   f0 75 d4 49 83 e0 7f 4d 8b c8 49 c1 e9 04 74 13
0x00007ffa3cfb1a49:   0f 1f 80 00 00 00 00 0f 11 01 48 83 c1 10 49 ff
0x00007ffa3cfb1a59:   c9 75 f4 49 83 e0 0f 74 06 42 0f 11 44 01 f0 49
0x00007ffa3cfb1a69:   8b c3 c3 0f 1f 40 00 0f 2b 01 0f 2b 41 10 48 81
0x00007ffa3cfb1a79:   c1 80 00 00 00 0f 2b 41 a0 0f 2b 41 b0 49 ff c9 



---------------  P R O C E S S  ---------------

VM state: not at safepoint (not fully initialized)

VM Mutex/Monitor currently owned by a thread: None

Heap address: 0x0000000000000000, size: 0 MB, Compressed Oops mode: 32-bit

CDS archive(s) mapped at: [0x0000000000000000-0x0000000000000000-0x0000000000000000), size 0, SharedBaseAddress: 0x0000000800000000, ArchiveRelocationMode: 0.
Narrow klass base: 0x0000000000000000, Narrow klass shift: 0, Narrow klass range: 0x0

GC Precious Log:
<Not initialized>

Deoptimization events (0 events):
No events

Classes loaded (0 events):
No events

Classes unloaded (0 events):
No events

Classes redefined (0 events):
No events

Internal exceptions (0 events):
No events

VM Operations (0 events):
No events

Events (0 events):
No events


Dynamic libraries:
0x00007ff6fc840000 - 0x00007ff6fc850000 	C:\Program Files\Java\jdk-18.0.2\bin\java.exe
0x00007ffa45870000 - 0x00007ffa45a68000 	C:\Windows\SYSTEM32\ntdll.dll
0x00007ffa438d0000 - 0x00007ffa4398d000 	C:\Windows\System32\KERNEL32.DLL
0x00007ffa43380000 - 0x00007ffa4364e000 	C:\Windows\System32\KERNELBASE.dll
0x00007ffa43120000 - 0x00007ffa43220000 	C:\Windows\System32\ucrtbase.dll
0x00007ffa3cfb0000 - 0x00007ffa3cfca000 	C:\Program Files\Java\jdk-18.0.2\bin\VCRUNTIME140.dll
0x00007ffa1e620000 - 0x00007ffa1e638000 	C:\Program Files\Java\jdk-18.0.2\bin\jli.dll
0x00007ffa454d0000 - 0x00007ffa4557e000 	C:\Windows\System32\ADVAPI32.dll
0x00007ffa449c0000 - 0x00007ffa44a5e000 	C:\Windows\System32\msvcrt.dll
0x00007ffa44a60000 - 0x00007ffa44afc000 	C:\Windows\System32\sechost.dll
0x00007ffa43990000 - 0x00007ffa43ab5000 	C:\Windows\System32\RPCRT4.dll
0x00007ffa442e0000 - 0x00007ffa44480000 	C:\Windows\System32\USER32.dll
0x00007ffa438a0000 - 0x00007ffa438c2000 	C:\Windows\System32\win32u.dll
0x00007ffa23770000 - 0x00007ffa23a0a000 	C:\Windows\WinSxS\amd64_microsoft.windows.common-controls_6595b64144ccf1df_6.0.19041.1110_none_60b5254171f9507e\COMCTL32.dll
0x00007ffa43bf0000 - 0x00007ffa43c1a000 	C:\Windows\System32\GDI32.dll
0x00007ffa43790000 - 0x00007ffa4389b000 	C:\Windows\System32\gdi32full.dll
0x00007ffa43080000 - 0x00007ffa4311d000 	C:\Windows\System32\msvcp_win.dll
0x00007ffa3bb00000 - 0x00007ffa3bb0a000 	C:\Windows\SYSTEM32\VERSION.dll
0x00007ffa43c20000 - 0x00007ffa43c50000 	C:\Windows\System32\IMM32.DLL
0x00007ffa3cd80000 - 0x00007ffa3cd8c000 	C:\Program Files\Java\jdk-18.0.2\bin\vcruntime140_1.dll
0x00007ffa17d70000 - 0x00007ffa17dfd000 	C:\Program Files\Java\jdk-18.0.2\bin\msvcp140.dll
0x00007ff9cd730000 - 0x00007ff9ce341000 	C:\Program Files\Java\jdk-18.0.2\bin\server\jvm.dll
0x00007ffa44b00000 - 0x00007ffa44b08000 	C:\Windows\System32\PSAPI.DLL
0x00007ffa3d030000 - 0x00007ffa3d039000 	C:\Windows\SYSTEM32\WSOCK32.dll
0x00007ffa32eb0000 - 0x00007ffa32ed7000 	C:\Windows\SYSTEM32\WINMM.dll
0x00007ffa447e0000 - 0x00007ffa4484b000 	C:\Windows\System32\WS2_32.dll
0x00007ffa41810000 - 0x00007ffa41822000 	C:\Windows\SYSTEM32\kernel.appcore.dll
0x00007ffa3cd40000 - 0x00007ffa3cd4a000 	C:\Program Files\Java\jdk-18.0.2\bin\jimage.dll
0x00007ffa40c60000 - 0x00007ffa40e44000 	C:\Windows\SYSTEM32\DBGHELP.DLL
0x00007ffa331a0000 - 0x00007ffa331cc000 	C:\Windows\SYSTEM32\dbgcore.DLL
0x00007ffa43700000 - 0x00007ffa43782000 	C:\Windows\System32\bcryptPrimitives.dll

dbghelp: loaded successfully - version: 4.0.5 - missing functions: none
symbol engine: initialized successfully - sym options: 0x614 - pdb path: .;C:\Program Files\Java\jdk-18.0.2\bin;C:\Windows\SYSTEM32;C:\Windows\WinSxS\amd64_microsoft.windows.common-controls_6595b64144ccf1df_6.0.19041.1110_none_60b5254171f9507e;C:\Program Files\Java\jdk-18.0.2\bin\server

VM Arguments:
jvm_args: -Dclassworlds.conf=C:\Program Files\NetBeans-14\netbeans\java\maven\bin\m2.conf -Dmaven.home=C:\Program Files\NetBeans-14\netbeans\java\maven -Dlibrary.jansi.path=C:\Program Files\NetBeans-14\netbeans\java\maven\lib\jansi-native -Dmaven.multiModuleProjectDirectory=D:\Formation JAVA M2I\java-rest\java-api-rest 
java_command: org.codehaus.plexus.classworlds.launcher.Launcher -Dmaven.ext.class.path=C:\Program Files\NetBeans-14\netbeans\java\maven-nblib\netbeans-eventspy.jar clean install
java_class_path (initial): C:\Program Files\NetBeans-14\netbeans\java\maven\boot\plexus-classworlds-2.6.0.jar
Launcher Type: SUN_STANDARD

[Global flags]
     uint ConcGCThreads                            = 3                                         {product} {ergonomic}
     uint G1ConcRefinementThreads                  = 10                                        {product} {ergonomic}
    uintx GCDrainStackTargetSize                   = 64                                        {product} {ergonomic}
   size_t InitialHeapSize                          = 131633984                                 {product} {ergonomic}
   size_t MarkStackSize                            = 4194304                                   {product} {ergonomic}
   size_t MaxHeapSize                              = 2106143744                                {product} {ergonomic}
   size_t MinHeapSize                              = 6815736                                   {product} {ergonomic}
    uintx ReservedCodeCacheSize                    = 251658240                              {pd product} {ergonomic}
     bool SegmentedCodeCache                       = true                                      {product} {ergonomic}
     bool UseCompressedClassPointers               = true                           {product lp64_product} {ergonomic}
     bool UseCompressedOops                        = true                           {product lp64_product} {ergonomic}
     bool UseG1GC                                  = true                                      {product} {ergonomic}
     bool UseLargePagesIndividualAllocation        = false                                  {pd product} {ergonomic}

Logging:
Log output configuration:
 #0: stdout all=warning uptime,level,tags foldmultilines=false
 #1: stderr all=off uptime,level,tags foldmultilines=false

Environment Variables:
JAVA_HOME=C:\Program Files\Java\jdk-18.0.2
PATH=C:\Program Files\Common Files\Oracle\Java\javapath;C:\Python39\Scripts\;C:\Python39\;C:\Windows\system32;C:\Windows;C:\Windows\System32\Wbem;C:\Windows\System32\WindowsPowerShell\v1.0\;C:\Windows\System32\OpenSSH\;C:\Program Files (x86)\Intel\Intel(R) Management Engine Components\DAL;C:\Program Files\Intel\Intel(R) Management Engine Components\DAL;C:\Program Files (x86)\NVIDIA Corporation\PhysX\Common;C:\Program Files\NVIDIA Corporation\NVIDIA NvDLISR;C:\Windows\system32;C:\Windows;C:\Windows\System32\Wbem;C:\Windows\System32\WindowsPowerShell\v1.0\;C:\Windows\System32\OpenSSH\;D:\;C:\ProgramData\chocolatey\bin;D:\Git\cmd;C:\Program Files\dotnet\;C:\Program Files\Microsoft SQL Server\130\Tools\Binn\;C:\Program Files\Microsoft SQL Server\Client SDK\ODBC\170\Tools\Binn\;C:\Program Files\Microsoft SQL Server\150\Tools\Binn\;C:\Users\moi\.amplify\bin;C:\Users\moi\AppData\Local\Microsoft\WindowsApps;C:\Users\moi\AppData\Roaming\npm;D:\Microsoft VS Code\bin;C:\Users\moi\AppData\Local\GitHubDesktop\bin;C:\Users\moi\.dotnet\tools;D:\IntelliJ IDEA Community Edition 2022.1.3\bin;
USERNAME=moi
OS=Windows_NT
PROCESSOR_IDENTIFIER=Intel64 Family 6 Model 158 Stepping 10, GenuineIntel



---------------  S Y S T E M  ---------------

OS:
 Windows 10 , 64 bit Build 19041 (10.0.19041.1889)
OS uptime: 2 days 23:02 hours

CPU: total 12 (initial active 12) 

Memory: 4k page, system-wide physical 8034M (1948M free)
TotalPageFile size 14946M (AvailPageFile size 3417M)
current process WorkingSet (physical memory assigned to process): 8M, peak: 8M
current process commit charge ("private bytes"): 3M, peak: 3M

vm_info: Java HotSpot(TM) 64-Bit Server VM (18.0.2+9-61) for windows-amd64 JRE (18.0.2+9-61), built on Jun  7 2022 13:09:01 by "mach5one" with MS VC++ 16.8 / 16.9 (VS2019)

END.
